9.822551
8.911844
8.495838
6.924740
5.662978
7.405128
7.501376
6.743140
9.096777
5.135405
9.455157
6.581103
9.471599
8.434582
9.056959
6.254162
6.519518
9.327818
6.755553
5.814794
5.144243
5.496130
6.123172
6.569316
7.018008
5.421628
8.593484
6.057408
5.543334
9.826907
7.822598
5.365886
8.738752
6.318437
7.290626
9.401730
8.723564
9.792001
6.144870
7.820342
9.927405
5.600028
9.401444
9.399004
9.034609
8.458404
5.653166
5.554128
7.786222
7.408720
6.368921
7.930466
7.904850
7.492094
9.499782
9.922858
7.913722
8.093266
5.980267
8.457056
7.920173
8.802866
8.822942
6.658925
5.121302
6.113567
6.060655
8.844866
5.905569
7.205524
6.665207
5.832973
7.805552
6.066652
5.231977
6.840161
9.525056
5.885144
7.394288
7.311278
8.293863
8.763209
5.241743
6.198713
6.255302
9.741525
6.121572
9.169024
7.834790
7.101839
7.626081
5.754963
5.904704
6.449023
7.413888
6.026006
7.562591
8.474543
9.870872
8.468160
5.680067
6.536079
9.301132
8.485619
7.602732
9.533111
5.325779
7.127788
5.418254
7.720068
9.439066
8.712117
6.483277
9.680809
9.910830
7.738580
9.422333
6.032402
6.907604
7.257124
8.134240
9.533686
8.012087
9.038944
5.982709
5.425976
5.064950
8.545300
8.900518
9.935823
7.013459
9.580585
6.471903
6.314591
8.066204
9.074635
5.847702
8.391983
6.202422
6.265955
6.112051
5.641487
9.978073
7.595328
5.322295
9.888903
5.333908
9.744629
5.921305
7.241512
7.001753
9.055546
6.775198
5.013841
8.094490
7.757907
5.439816
8.159441
6.303206
9.340335
8.095264
8.316666
8.920919
9.567166
9.631257
6.987124
8.641801
5.478959
5.379107
9.844223
6.744914
6.491158
5.485709
6.722987
9.086486
5.808005
6.611890
9.420394
5.552633
7.533195
6.661906
7.554387
6.588740
8.437104
7.568227
9.683230
6.195011
8.008043
7.842672
7.498218
7.348378
5.937936
5.814883
6.269298
5.505102
5.446140
8.256422
9.146904
5.925098
8.635530
8.991126
7.670012
5.126688
9.476835
9.393000
9.213175
5.284840
6.004889
8.633570
5.837473
8.538085
5.295475
8.391860
5.126825
8.732579
5.960087
9.810056
9.927590
8.968130
7.652727
7.425808
6.316509
8.590662
8.240691
7.585807
9.095765
8.686831
5.842229
8.242668
9.611930
9.477759
7.233794
7.281943
9.604448
6.710629
6.674943
8.817623
6.995469
7.679833
7.451191
7.832943
6.217918
7.746667
6.224803
6.344743
6.479247
7.184891
6.154799
6.406837
6.153021
8.807526
8.832645
7.469530
7.398188
7.073336
5.055337
6.493954
5.760168
5.897566
9.736622
5.372098
5.375326
6.970416
7.654042
9.979774
8.681046
9.328985
8.797397
5.676515
7.008819
6.248588
8.509459
8.226736
8.995255
9.734262
9.571480
5.474501
6.919151
5.726278
6.881338
8.072172
9.533804
5.713984
5.541702
6.931992
7.787319
5.597039
8.425944
8.547487
6.494605
8.162566
8.919586
6.869931
5.132982
6.573627
6.849704
8.814028
5.902612
5.647099
9.490543
7.911430
6.895688
8.000002
6.138167
5.890942
7.734263
5.709646
6.365443
9.653415
6.435924
8.246782
7.725588
5.969727
8.960766
8.267290
7.901719
6.748085
8.864328
6.327663
5.295573
5.358934
9.490230
9.215158
7.228865
9.623212
5.788786
9.078568
8.437240
6.691399
9.725668
7.927783
9.602829
6.621356
5.927784
5.740996
7.512298
8.662047
6.450643
8.877741
8.315462
7.886567
7.124524
6.041050
8.856295
6.085289
9.308340
6.758013
7.833374
8.172669
8.085676
8.128947
8.531603
7.575905
7.344106
5.760468
7.199117
8.132893
9.839036
5.636356
9.824290
9.564704
8.564139
9.427120
6.186059
9.491923
5.168117
8.698358
8.153971
6.618760
7.576098
6.469433
9.505326
9.700622
7.510483
8.361620
5.785911
6.818824
5.119633
8.619286
9.991492
8.205309
6.748232
8.523096
5.781215
9.092339
9.283563
7.980332
7.225230
9.122600
8.616688
7.049521
8.687304
7.180828
6.476641
9.873363
6.672750
6.644757
8.571719
9.826722
8.263516
6.147818
6.296155
7.768843
5.848440
8.806639
6.130464
6.634350
5.625462
6.250096
5.253635
5.616955
9.455405
7.001868
9.140051
5.236621
6.094207
8.423614
8.216952
8.319437
7.546213
6.833642
5.368958
6.233516
9.014469
6.845599
6.106877
5.687220
8.490356
9.678596
5.513942
6.753874
5.826414
6.810097
9.522717
6.674854
5.616735
5.653180
8.309204
6.242197
6.903276
8.562840
6.859152
6.358682
5.564708
5.999203
6.595303
6.658915
9.422816
9.812256
9.978352
6.969029
6.645896
5.347310
8.202544
5.660366
7.192908
9.309422
6.347585
5.683265
8.988019
6.861527
7.437139
9.814433
8.671623
6.959856
6.489287
9.288359
7.613035
9.798492
5.530556
9.516312
8.361332
7.389708
5.874994
8.926041
8.388911
7.470297
5.584955
7.811728
7.282553
5.563307
9.780757
8.928450
5.910616
7.983302
9.588815
8.103525
7.292724
5.936400
8.786791
6.280744
7.797928
6.223929
6.095177
6.469551
8.183785
7.584465
5.757910
5.796821
7.382957
6.288466
5.313133
5.744289
8.678174
6.188127
9.670330
7.067085
8.658424
5.255285
9.878813
5.940977
5.818592
9.659569
9.869427
6.729208
7.642871
9.458241
9.832733
9.935596
5.394642
8.619523
6.216339
8.192569
9.843453
7.311516
9.662121
8.027238
9.895981
5.420030
8.824059
7.278938
6.708496
9.137192
8.023226
5.386670
5.325318
7.693557
7.453755
8.983744
7.948842
7.332568
9.924720
8.767433
6.992137
9.794146
5.496641
9.635009
9.252387
5.329373
9.570604
9.647028
8.948897
5.786943
7.839598
8.792350
8.098459
7.501718
6.819588
7.994440
7.921748
5.643647
5.273377
9.630243
9.780838
8.296604
5.016914
5.106158
5.990161
7.470669
9.089900
8.939001
9.803237
9.014620
7.706435
6.795374
8.808766
8.203076
6.430383
8.061153
8.532450
6.000987
7.708182
7.481347
6.787930
5.547780
6.273696
9.886390
8.049498
8.093285
7.880830
5.971246
8.736931
8.154207
5.601490
8.517770
6.450811
5.618403
8.623926
7.440972
8.089073
7.713828
6.379974
7.892310
6.728448
9.086410
9.687684
5.537214
7.289485
6.118068
8.598367
5.821935
7.119055
6.306549
8.303281
8.906985
6.854329
9.576978
8.793375
9.903827
7.670262
6.674205
5.875072
6.407193
9.828413
6.476562
9.924963
6.279224
7.094966
8.548890
8.720197
5.184039
6.262717
5.100171
8.076348
7.991165
9.186581
7.764033
8.528379
6.476066
8.882101
7.126746
7.298000
6.001155
8.433295
5.601282
9.908140
5.287625
5.178260
8.701515
5.191452
7.848521
5.375720
6.066525
9.255715
5.204132
7.543087
9.180678
6.483356
9.638053
7.729568
5.203553
9.822092
8.992285
5.303724
7.898440
6.983450
9.490304
5.662474
5.511829
5.966370
9.544574
7.638576
8.264369
5.545729
6.071872
8.865651
5.453869
6.359497
9.043911
9.155384
6.550949
6.892432
9.531105
7.617474
6.148147
9.735237
5.160561
5.328825
6.218593
9.798614
8.058393
6.422146
9.620706
7.050677
6.725870
7.519146
9.034128
6.216174
8.181620
9.545958
7.182543
7.726193
7.184533
5.446913
8.271922
8.256405
9.312564
8.725791
9.615902
8.356474
7.881175
6.166850
5.248907
7.412279
8.784324
6.397054
7.147516
8.944884
6.725879
8.366109
8.743497
9.784271
9.788255
8.364202
6.834949
6.514125
5.883348
5.869077
7.730299
9.064968
5.415034
9.912842
6.791162
7.599567
5.359754
5.063083
5.855972
9.672318
8.788874
5.471874
8.028792
6.670050
6.638723
8.277699
9.082329
5.423048
9.674751
6.229845
9.367931
6.400630
9.595955
8.111428
6.184901
9.384210
6.475632
8.019850
5.898335
7.358980
8.888927
8.628633
6.423948
9.303961
8.541474
8.215109
6.903528
8.901229
8.278193
7.759501
8.573546
7.067066
8.231374
6.602338
8.737116
9.870098
9.880036
7.819445
5.293145
9.554788
9.049291
9.661076
5.955417
8.645245
7.772505
7.140318
8.029453
9.248137
5.160169
8.927788
6.607117
9.049095
7.556421
8.031064
8.353056
6.097896
6.246174
5.256584
9.999124
9.524365
8.016084
8.572670
6.591433
6.247458
5.175008
5.328549
6.117556
5.055044
8.147994
6.410701
9.609832
7.197284
6.071777
5.565248
5.842528
8.844282
7.705567
8.871983
8.092419
7.865735
7.799771
9.699535
6.914830
5.356192
7.730599
5.267886
6.454087
8.976773
5.524469
6.453211
8.501140
8.540553
5.025882
5.092573
9.788012
5.200890
5.421121
5.905567
5.255934
8.569116
7.316267
9.865766
5.766399
8.388044
5.431015
6.608928
7.232327
8.136581
5.480910
5.324745
6.002317
8.280681
5.024280
7.917148
8.636872
7.754880
8.185033
5.090960
6.731654
8.709502
6.544171
5.232793
7.250056
6.570053
5.325366
7.038067
6.770943
5.746487
7.943634
7.026877
9.315601
5.259901
6.892642
5.082001
8.647945
7.323657
6.690929
5.880272
5.460239
7.171840
6.205017
6.462556
5.452519
6.229298
9.379704
9.089393
8.984177
7.564736
9.180351
5.715831
6.274239
5.724523
5.948625
8.524295
7.294575
6.273990
5.562362
9.065517
7.020477
8.505995
6.092395
6.336079
8.765897
7.985036
6.418080
7.413841
5.308694
8.109009
8.294114
5.768933
5.280848
9.499131
7.231489
5.733368
5.728428
6.611193
9.822760
9.712606
9.175930
9.003111
5.428437
5.450169
9.727634
6.377062
8.974463
7.022209
7.651052
9.536825
6.087727
9.671528
8.042820
7.180121
6.007607
6.808716
5.165158
7.425687
9.222557
5.473852
5.534696
7.516671
6.242785
5.815544
7.015803
8.474274
6.548912
7.744231
5.085466
6.371672
7.456837
9.261396
5.374784
7.885274
9.711565
5.102417
9.262335
8.686028
7.124625
6.913386
8.222853
8.212352
6.584915
6.265673
5.392473
7.592521
8.074389
5.557631
5.018208
7.296947
6.031482
5.552903
9.813619
7.274266
6.368447
6.829422
5.748540
7.917359
9.573652
5.834007
9.289031
7.030490
5.095403
9.663815
9.915764
9.806968
9.766231
9.178100
8.492995
6.890857
6.091486
6.715848
5.103209
7.676401
7.981522
5.495682
5.268922
6.055911
6.053312
5.287130
8.352858
7.084795
5.840034
8.166476
9.359062
7.208481
9.995898
5.107602
5.125841
9.569551
5.941608
9.414872
6.600041
6.037011
9.078685
6.515805
5.843978
8.844916
5.693905
9.336974
5.735773
6.785392
6.052823
5.838981
9.461793
9.034344
6.334663
9.730715
5.090255
7.387976
5.017846
8.443111
9.472771
5.857879
6.609588
8.831832
8.066360
6.605486
8.939434
8.192202
6.175036
9.881042
7.607073
7.775077
5.918054
6.685758
9.290882
6.762032
5.530674
9.984788
6.099005
6.266447
6.770179
7.151828
7.105429
6.231972
6.186172
8.440092
5.962687
6.276426
5.828067
5.980532
9.719538
5.300837
6.838412
6.329126
9.132669
9.904772
7.934611
8.072103
8.096973
9.109648
7.953145
5.704046
6.884725
8.871198
7.389804
6.175607
5.633230
7.920479
6.160395
6.732235
9.186926
7.930574
8.884064
6.292355
9.162545
5.070235
9.732446
5.125232
6.346662
5.560513
6.105765
6.066199
5.861350
7.944176
7.395325
9.994020
7.848949
5.329936
8.066122
5.945922
9.439584
6.019268
6.649969
6.324308
9.890466
9.039773
7.499915
5.523695
6.960252
8.660310
7.255930
6.147178
6.590884
6.139994
7.439532
5.753429
6.210229
7.171978
5.878662
7.556890
7.732491
6.984427
8.623089
8.593842
9.928603
6.018414
8.587861
7.777553
6.348350
6.653984
8.723475
5.787934
7.673251
5.373444
7.112243
7.563716
9.413216
9.612158
8.087412
6.373468
8.272468
5.343342
7.520646
9.863352
6.483335
9.960178
5.616780
7.693565
7.132157
6.495442
5.250455
9.864649
8.479870
8.873545
8.458490
8.408472
9.891958
7.046352
6.186025
6.240308
8.700336
9.909499
7.028242
6.373587
5.282943
9.140486
8.937304
9.696158
8.752643
7.024715
6.069627
7.025111
7.368057
8.590273
6.888462
8.851393
8.550452
7.505243
6.544958
5.682609
9.000685
6.795412
5.547257
7.480555
5.668957
9.005748
5.889027
5.560915
6.052100
7.075052
6.801224
9.752436
6.984551
8.829466
6.126023
7.267494
7.969952
5.063326
6.963653
6.722594
7.088041
8.033279
8.747705
9.456099
6.623553
5.636168
8.307491
5.174005
8.141411
9.852448
5.856614
7.142096
6.647861
6.403872
9.622649
7.316819
5.409620
5.511676
7.877734
6.461720
7.586728
9.678957
6.214156
9.571279
8.508424
7.340179
6.838772
6.478375
7.403506
8.802424
8.200970
9.491548
6.835704
6.948676
8.947645
8.459257
7.584843
7.255137
8.633263
5.726253
7.107586
9.489876
7.868348
8.755447
5.893748
7.490997
6.072267
6.303368
8.002673
8.950001
7.765088
5.589402
8.628958
8.979245
5.160680
7.137382
6.319424
6.999453
8.615757
8.722930
5.801878
6.816728
8.214478
7.637582
8.765403
7.162123
6.096840
6.350245
9.417259
9.730102
7.076498
6.524846
9.219978
9.944847
5.280294
5.113727
7.435844
6.352561
6.417095
5.438518
5.302561
9.182183
6.027919
8.931519
8.161428
6.188600
6.068900
9.480852
8.188052
9.684658
8.203782
8.989930
6.501385
6.418259
6.627512
5.266788
8.580381
7.724352
6.617033
7.997642
7.454454
8.693532
9.522487
6.674433
8.638378
9.802781
6.788159
6.074222
6.155341
8.205255
6.512739
6.457902
7.387438
7.540659
5.389421
5.548866
8.729258
6.458321
5.029717
6.917310
6.142979
8.233500
5.907240
7.644363
9.651758
7.534752
7.911152
8.232141
5.259105
9.528185
6.229782
7.713559
8.221716
5.752268
9.387991
6.860094
5.555049
6.176152
7.934315
6.710391
9.381407
9.447055
8.168293
6.768844
6.987713
8.557714
7.317710
5.716970
5.016035
7.347427
7.634281
6.159014
5.580927
8.541521
8.803377
5.232686
6.076274
6.714530
8.464826
6.335378
6.242714
9.694607
9.048938
9.464430
5.446876
8.436929
6.324524
6.001925
9.613081
9.258841
7.712316
8.994487
8.705894
5.880609
5.763330
5.693607
9.438322
8.081040
6.410578
9.454356
5.428467
9.044859
5.613370
6.009395
7.586380
9.416748
6.242080
8.662654
6.131277
9.706906
9.998032
7.373991
9.401513
9.046969
6.838421
9.848389
7.483899
8.162946
5.850314
7.096980
7.421785
8.562630
6.091466
6.127680
9.443238
6.854797
6.821287
8.881560
9.935837
8.231865
8.335917
5.364305
7.276724
8.949287
6.373699
9.863104
8.366035
7.615780
8.525758
9.497313
7.322686
8.523789
6.871304
6.724199
7.570760
8.709725
6.572588
5.054659
6.872671
7.422902
7.151638
9.294456
5.985532
8.243104
5.422135
5.428770
5.097901
7.243423
9.310330
5.033739
5.475287
7.646247
5.398044
7.752012
6.595535
6.771743
7.615116
9.961571
9.387523
6.140873
9.458883
6.710209
9.664663
6.330186
8.434408
7.235423
5.039911
5.006996
7.290082
6.912580
7.429898
9.441719
6.207037
8.415430
7.684824
6.629172
8.844200
7.782725
8.872595
8.154530
7.816464
9.347883
5.800777
8.214508
7.099895
7.396313
9.986250
9.715011
7.357883
9.373774
5.855884
6.816766
6.083982
5.520548
8.146952
9.518391
7.755970
8.186862
9.525387
5.046052
5.099443
6.955285
9.487771
6.306480
5.370715
7.172595
7.935653
9.214915
9.955320
6.808248
7.369444
7.771785
6.156130
8.170222
5.986292
8.256025
5.566535
5.972543
7.971036
7.924418
5.346317
8.826920
9.741183
6.430300
9.347466
7.888135
5.948691
7.103437
6.074997
5.474078
7.149489
6.174440
7.429363
6.637260
7.480920
7.800078
8.809855
5.416573
7.014992
8.765177
7.224820
9.384438
6.536961
8.380951
7.554660
7.523254
6.636976
8.121195
8.495797
9.608012
6.045613
8.842114
8.434932
5.786796
5.272415
7.782398
8.674932
6.221106
9.885836
9.749928
6.695183
7.035325
5.924368
9.124546
8.672585
8.405289
6.924624
7.482441
8.821860
8.939617
6.247618
6.046681
8.324054
7.784579
9.427632
5.878714
5.307833
6.064608
8.999908
8.803631
5.672620
5.045521
7.645745
9.107552
5.832318
7.918160
6.889950
9.507250
9.139265
6.775786
9.257177
5.834448
8.811111
5.181546
9.958994
7.483697
8.586834
6.883617
9.966138
7.408695
5.823235
6.213756
8.455376
9.147289
8.998335
7.883008
5.026002
9.306168
8.947616
9.025910
8.109798
9.620236
9.071432
5.755544
8.727788
9.903749
8.673703
5.617738
9.410999
7.812967
7.393524
8.668176
8.647415
6.204636
8.849722
8.606409
8.688333
7.436556
5.490027
8.654470
9.845251
6.313262
9.868226
8.300627
5.460550
8.866561
6.183634
5.486552
8.172729
5.131250
9.512463
6.282527
9.751486
8.583895
7.038071
8.479274
8.487644
5.711774
9.097012
7.898643
8.524741
6.490536
6.566819
7.172156
7.695171
5.416541
5.778566
6.383504
7.853097
6.268593
5.037974
7.698348
7.581855
9.906200
5.998974
8.042406
8.772761
7.182609
8.528957
6.945490
7.313859
8.041421
8.228017
7.065345
6.625315
5.266088
5.544619
5.112959
5.977862
9.641630
8.011601
9.502603
6.132167
9.578420
6.674760
8.827338
9.994961
7.453326
5.210842
7.848058
8.721919
5.248816
5.546406
6.303775
5.155016
6.545381
9.346180
8.927777
8.727989
7.875138
5.873268
6.041848
5.916558
9.101285
8.107194
7.541873
9.367373
8.651814
7.654832
5.345235
8.293444
5.666433
9.847837
9.425611
5.244854
6.522598
8.252949
5.239815
8.975924
8.463791
8.087873
7.697844
8.712606
8.634279
9.001617
8.867622
5.179659
8.347798
7.795401
8.907648
6.222936
8.668669
9.949497
7.139494
7.769953
8.056690
9.681367
7.137326
6.708503
7.336199
7.482562
5.001946
8.002633
7.330399
9.427558
8.247488
8.852997
7.680507
8.487302
7.828921
6.144297
6.575175
5.526764
9.856903
5.209455
9.528381
8.724526
5.389113
7.876180
6.519927
9.296762
9.099115
5.188595
9.246259
6.238609
7.958548
7.302949
5.919977
5.095875
9.011452
8.256177
7.578436
9.013399
6.258810
9.908834
8.440956
9.506297
8.761832
6.121463
7.993599
6.590753
7.265759
9.568775
7.117517
7.122663
9.778230
6.645899
5.847191
5.167343
9.522079
7.367117
9.464106
8.621195
7.555713
8.710364
9.859805
5.514260
6.013313
5.779782
5.610135
5.024765
9.035958
8.188571
9.038163
5.294768
8.097405
7.479120
9.801065
6.859238
8.600582
7.794665
8.449991
5.866342
7.363440
5.567508
7.989006
7.141669
7.213408
8.836196
7.309012
6.735487
6.203313
6.773118
5.356682
8.759026
5.483481
5.216486
9.273286
6.496794
5.996268
9.883421
6.521559
5.032227
8.071991
5.559722
5.326995
6.169397
8.038842
5.128060
8.028635
6.639424
7.922726
6.478627
7.505767
5.286165
7.046135
5.494773
7.427835
9.259542
9.330969
9.736847
5.995029
5.534282
6.509964
6.351711
9.293307
6.993446
6.568198
8.566594
8.490240
7.564466
8.450014
5.011799
7.596693
6.522007
5.571522
7.923688
7.691403
8.610364
8.051749
5.720039
5.249788
5.974474
7.198666
7.755555
6.260639
9.244801
8.250328
8.688474
8.504343
7.581296
8.425321
9.499372
8.115579
9.935285
5.851084
7.408886
6.928731
7.419281
5.975480
5.418972
9.983747
9.425495
5.430771
7.580440
5.947501
6.002293
5.504128
8.638906
9.612657
8.555878
9.358944
9.862444
9.530352
6.557610
7.618000
5.790991
5.802411
5.868328
9.479465
9.306754
8.449624
7.904785
8.806127
6.565203
7.840071
9.657210
8.974089
9.768802
7.076492
9.949569
5.187774
7.060239
9.375063
5.618544
9.640680
5.322564
6.620837
5.144808
8.961470
6.233494
8.700686
8.320414
6.095938
8.231037
9.878024
8.713938
9.022028
5.680435
9.582266
8.501493
9.987188
8.031891
6.406278
8.793315
9.597093
9.246348
8.450526
8.571181
9.015150
5.527018
8.520750
9.202924
7.587257
7.895813
9.821468
7.227937
8.218377
6.442306
7.372746
7.179847
7.675799
6.073431
5.500260
8.771736
9.304468
5.378284
7.485675
8.326496
6.058719
7.067942
6.827989
6.045907
5.099831
8.234267
9.839222
9.696923
7.480616
8.289747
8.268105
6.495766
8.816766
6.788855
5.698690
6.404022
9.684668
5.520158
8.631959
7.903044
6.962463
6.004704
5.082891
9.638262
7.078135
5.583152
8.409998
6.382604
5.961436
5.895674
9.709101
7.020154
7.963615
6.537089
8.066062
8.063446
9.771357
7.905283
7.760370
7.251973
6.195031
6.028475
8.747739
5.011796
7.817329
9.446428
6.415818
7.501997
9.966587
5.047777
5.405041
6.929049
6.052482
5.487932
6.567311
8.130617
6.071084
9.977310
9.513221
7.032519
5.872984
9.222322
9.052674
8.836599
5.759411
7.118735
6.900046
5.530768
5.024019
9.660416
7.782741
6.219049
5.688890
6.530479
6.230845
8.506220
5.976908
7.646664
6.008216
5.943494
7.694441
6.413257
7.872543
8.746923
6.901189
9.439856
6.877541
7.972273
9.417166
6.390761
5.004792
5.290150
5.613083
9.057467
9.126749
6.372494
6.176202
6.026795
6.903262
6.200221
5.687211
9.686003
7.419271
6.376101
6.216482
8.650116
9.882320
7.193390
6.296780
5.890536
8.136884
8.991220
7.303793
6.009428
7.738143
9.204981
5.449283
9.615684
7.177254
9.866448
6.006445
7.182046
5.156598
6.619529
6.239513
9.283348
7.992022
7.415715
5.310143
9.895285
8.615936
5.997353
9.581287
6.035206
7.373454
5.797770
9.685322
7.255774
7.991159
5.982101
8.146310
6.128043
9.973322
5.450103
7.137471
7.711465
9.655085
7.586754
7.327149
6.832338
7.453203
8.333595
9.014385
7.609801
9.953123
5.253899
6.893148
7.945146
7.669613
7.203291
7.840429
6.285549
8.200644
7.421717
7.320755
5.574098
8.219486
7.006077
7.829872
6.210646
7.988177
5.976182
7.338688
7.961500
6.426286
9.476159
5.672965
6.081370
7.062913
8.000114
7.913709
9.516116
6.333709
6.928094
7.125917
6.286831
7.181993
9.019066
9.231977
9.851606
6.222357
7.072406
6.137154
9.423000
9.494123
8.457909
9.997099
7.713609
5.463985
7.826970
8.924253
8.452163
8.803152
6.262942
6.413662
5.229438
5.739101
7.086627
6.310807
7.802014
5.086741
9.224516
7.318130
6.420450
6.152611
9.444048
7.707281
8.334603
8.463114
6.939258
8.186209
9.685470
9.011663
9.323362
9.108471
8.505785
7.781271
9.105569
6.219394
8.245256
6.932540
5.143647
6.697419
5.735693
6.406589
8.111081
5.965130
7.145690
5.197709
7.275938
9.947705
5.284450
6.500454
7.265836
6.704900
7.653065
6.709883
9.412182
5.987668
5.172997
6.351438
9.173876
9.858467
5.363101
8.497239
8.966938
8.868886
6.278510
8.072508
5.088281
9.523767
5.005047
5.231928
6.221186
5.740740
6.638516
9.332268
6.705870
8.784207
9.529977
8.981808
8.731913
9.814426
5.482262
5.997748
6.519327
8.135326
7.707632
5.931507
9.122993
7.880628
7.282946
8.296870
7.739096
7.646047
6.794109
6.706034
6.514933
8.072620
9.778542
6.603213
7.596387
9.783588
6.835141
8.817573
5.524329
8.473658
8.149841
7.230198
7.257864
7.679817
6.212006
5.989776
7.494244
6.694268
6.987524
9.013571
9.829594
9.695156
9.945078
8.952588
7.575784
7.228023
7.249459
5.314879
9.874069
9.043569
7.020913
6.389003
7.116189
6.799454
7.992216
9.712576
6.583043
9.827357
8.530149
7.107371
8.301014
6.679989
9.337569
5.558878
9.359807
5.549576
6.548655
6.854050
7.243844
8.536179
5.867620
7.073438
8.231334
5.812697
6.026026
5.807117
8.040721
8.275485
6.121996
7.914791
7.319054
8.142909
9.303794
9.435243
9.942362
7.296010
9.147818
6.525406
7.123366
7.677966
8.632776
5.424381
9.357956
7.970347
5.983260
8.717762
8.519922
7.531914
5.571813
5.763766
6.068092
6.439433
7.837204
9.299426
7.252131
8.863230
5.106544
5.292851
7.138715
6.228539
8.207642
9.457768
9.371449
7.511436
8.893011
9.313811
9.807446
8.040830
5.839217
6.930813
5.718796
9.471993
7.355194
5.076752
7.442340
8.338453
8.794516
5.962263
5.870367
9.366327
6.726029
6.938460
5.805760
9.563232
6.237886
8.057891
8.426462
6.344429
8.350742
5.565178
7.572969
6.558384
5.022946
6.944417
9.069820
8.915957
6.258228
8.877266
6.956787
7.097445
5.808078
7.675583
6.569438
8.163272
7.752337
9.011778
6.501725
6.546851
9.974041
7.372093
5.913178
6.700070
9.310553
6.718938
6.263303
5.548439
9.776830
9.689765
6.892868
8.127571
5.254943
9.465837
9.685956
5.277889
6.410255
8.755775
9.193848
7.668483
7.633042
6.150634
9.765928
8.441120
8.826218
6.335366
6.604393
6.578554
5.347144
8.106117
8.125404
5.321185
5.478210
9.038583
7.021255
9.788762
5.757522
8.284557
5.337201
5.534351
7.974322
7.230070
8.661922
8.229264
6.695907
8.347878
8.507154
8.106163
7.103655
7.701001
5.774646
9.736696
8.851635
5.540574
8.177816
7.677853
6.875939
9.782208
9.256406
7.223084
7.888327
7.381811
7.544269
8.366536
6.420393
9.565523
8.155299
7.177915
7.850080
8.492500
7.712266
5.824402
5.722570
6.374188
9.053667
7.418478
9.722067
7.560821
5.524640
6.825721
5.261821
6.299286
6.562418
9.113456
6.839859
9.740234
6.791309
8.715799
9.522444
6.047715
5.938883
7.410770
8.429526
8.483151
5.777307
9.849919
8.048676
8.932606
7.027834
5.898755
7.425107
9.740100
6.723157
8.147677
6.114288
5.776824
5.566154
5.836355
8.337645
6.090795
7.662077
8.599466
7.390080
9.224495
7.712922
9.229940
8.964729
9.504231
7.945739
8.487173
5.551946
8.884622
5.897943
8.981472
7.367773
6.675249
8.831391
5.416448
5.607855
5.859225
6.315203
8.032962
5.599326
8.038360
6.180639
6.713614
8.815184
6.746793
7.549969
7.152829
7.837589
5.212046
5.752295
5.227670
9.436541
8.465217
9.457609
8.401270
7.969447
7.403349
6.888443
8.521394
6.287971
7.786386
7.502866
8.655745
9.461636
6.334257
9.072191
5.069491
7.193482
5.387395
8.102453
7.792809
8.425755
9.283092
9.506422
7.240939
6.029885
7.056391
9.393767
8.867474
7.268438
5.146062
9.095143
6.704978
8.611279
8.552752
5.106249
6.580726
5.956101
6.994692
5.102120
7.244072
9.781078
7.604985
5.899816
9.242714
8.939242
9.972009
9.312205
6.132726
5.359403
7.414658
8.925534
8.785158
6.697749
8.431956
6.026097
7.727633
5.488348
5.419864
6.595107
7.756785
5.565926
5.690250
9.461764
9.177204
9.243003
9.568012
5.757930
5.199103
6.562705
5.860050
7.443175
6.343782
8.465036
8.342992
5.586496
7.404279
8.315000
9.898702
8.537004
8.674403
7.313359
7.462538
7.459560
9.011107
5.894494
8.485658
6.738741
6.382842
8.905521
8.333849
9.139627
9.471447
9.024099
8.601391
8.648652
8.267101
8.169403
9.406582
8.466205
9.732107
5.266633
5.909380
6.075890
8.731668
9.252372
6.662387
6.135946
7.567372
6.561088
9.672951
6.241775
8.874447
7.135489
8.701335
7.885554
8.029983
7.186993
9.624296
9.412825
6.092515
7.958145
8.552452
5.563962
6.982244
7.153842
9.212614
5.249345
5.323246
8.619196
8.715550
5.055354
8.885829
9.624930
6.131244
7.617497
8.877302
7.793631
8.753444
6.444674
9.354717
8.426394
7.686449
8.229165
5.561883
6.387784
6.114719
8.591866
8.574777
5.739016
8.004689
9.667292
8.697161
6.557141
5.231254
5.679404
8.710984
9.443869
5.928750
9.034230
8.063065
9.644300
9.089584
6.948894
9.269230
5.220828
9.566391
8.146533
8.014459
8.319835
9.591208
7.369176
6.746228
7.277656
5.598341
7.308111
8.665440
6.713060
5.899977
7.240217
7.452075
8.904666
6.907508
6.149237
5.461807
7.138762
6.828641
9.172791
6.582630
7.757390
8.207022
9.645695
7.401690
7.296606
6.594588
6.670921
7.517433
6.160979
9.817453
5.531892
9.480813
9.408661
7.901068
6.227041
6.686318
8.499409
8.535152
5.351758
5.212469
9.435129
7.591975
7.664545
8.339795
9.499483
8.813782
8.801602
6.638246
5.642422
7.974394
8.220875
8.399812
6.181416
7.866570
5.801502
8.478022
9.461159
7.472424
5.995455
5.622138
7.289877
6.527347
5.102950
6.698538
9.428414
6.329992
8.384856
7.927823
9.865145
8.736614
8.140292
9.300274
6.328588
5.804837
7.640069
5.828072
9.618618
6.441671
7.466317
5.261040
9.416065
5.687193
8.660852
5.597481
8.553762
9.462356
9.075502
8.014921
6.934778
5.070957
8.637058
9.224655
6.598303
8.740009
5.923193
6.026717
5.070002
9.308049
8.954540
9.935146
8.044662
7.094832
9.235420
9.373251
7.899670
6.875489
5.201323
7.518288
8.317161
7.667639
7.779329
7.733226
8.354832
6.440182
8.330707
6.908594
5.902536
7.406209
9.923516
7.837315
7.477165
8.560575
7.061970
9.075469
7.300584
7.985163
5.102186
7.370586
7.293212
9.056726
7.305732
5.337874
6.151559
6.541153
9.711125
9.051229
8.416642
9.912449
6.569517
6.733804
7.580089
9.348845
9.467030
5.934920
5.789027
7.797737
7.843514
6.691564
5.203945
7.767031
9.528879
7.681111
6.327606
6.590848
6.756579
8.628190
9.576012
6.858766
5.998776
6.869223
5.915492
8.304509
7.207098
7.067051
9.845661
6.918223
6.118279
8.262304
6.830671
7.687797
9.996108
9.410760
7.036643
9.463138
5.345680
7.825670
7.260874
8.189195
9.517233
7.464819
5.956225
9.046112
5.145930
7.283831
5.636961
6.902510
5.912022
5.212972
8.761274
6.910797
7.082195
9.676767
5.215306
9.289292
6.743818
5.060968
6.207516
7.862098
8.323272
8.038187
5.549894
8.319380
7.448947
7.586536
7.782517
7.794627
5.412206
5.043392
5.983822
9.929440
7.508211
6.940047
8.975552
7.654141
9.223879
9.612513
9.556650
5.135900
9.825485
8.317926
7.046697
6.907680
7.994692
7.262003
6.196972
9.738511
7.322970
7.404488
7.600608
5.646243
5.442676
8.150502
8.965622
7.891622
5.737039
6.748140
5.686249
6.149245
6.791531
6.670071
6.078685
9.299742
8.610118
5.054236
6.953883
7.833997
9.666749
6.510534
7.969897
9.492233
9.828459
5.016594
6.399913
7.823152
7.278597
7.596885
7.561662
9.601568
5.001373
5.162271
5.247811
5.444047
8.312773
9.213433
8.335670
9.049812
5.961573
9.021919
5.199058
7.753105
5.691990
6.277742
7.052846
9.302108
6.331980
9.006729
7.136105
5.998729
5.517263
5.106001
5.490962
5.345722
5.122595
6.890875
8.168874
7.401193
9.487761
5.730536
7.002761
9.489132
5.892807
7.250572
9.933180
9.205580
6.464005
8.268850
8.255392
7.425579
7.290769
8.454449
5.178683
7.982759
9.732192
7.231529
7.284866
6.064172
6.238259
9.420971
7.062900
6.755522
9.526972
7.553863
7.101244
9.649568
9.444737
5.270118
7.050760
8.932497
6.000655
9.053521
8.421630
6.893461
6.304092
8.354811
6.099041
7.768098
6.623660
9.354433
5.193677
8.914430
7.808883
5.372360
6.897188
7.541075
7.603889
9.182055
8.605247
8.842148
8.603025
5.668147
5.597670
8.129997
8.222010
7.698914
7.779565
7.666748
7.969032
9.830324
6.599245
8.969687
8.883846
5.020875
5.863148
5.187938
8.375686
6.962189
7.956037
9.999347
6.316623
8.149713
8.913775
9.125505
8.522073
5.810964
6.666580
6.125961
9.993018
5.271826
9.968110
8.596044
5.939974
5.565780
6.726040
9.161983
8.264694
9.505605
6.828730
6.233727
9.335929
8.427975
5.203413
8.219775
8.448850
6.066561
8.407713
6.824536
8.028750
6.363749
6.823882
9.345373
9.513462
5.737658
8.470879
8.035535
6.548622
5.137458
9.161496
6.541639
5.409285
9.129606
5.137683
6.349258
9.695386
6.863724
5.511241
7.960081
6.369328
7.339971
9.193807
5.705258
5.767946
9.397221
8.925033
9.216796
5.463782
7.332746
6.041332
8.492533
8.696495
7.865214
7.837906
8.209957
8.602872
6.308784
6.245491
5.151494
6.446242
5.406987
6.693134
6.855527
9.536592
6.830817
8.204785
9.231979
8.694541
8.716026
7.192060
5.063869
6.055998
6.385866
5.769128
6.823944
5.783087
9.694160
6.040740
6.246869
7.026906
7.082072
9.739401
5.723401
9.947287
7.577307
8.933357
8.550159
8.886090
5.178848
8.701653
5.332333
5.585836
5.394787
7.187860
5.122429
7.225604
5.392645
9.354408
5.920144
9.108671
6.546468
5.984014
5.164669
7.932335
6.753141
6.988613
8.715422
6.447301
8.029353
9.962291
8.474208
5.111425
9.701692
9.197609
5.058712
7.278999
8.130966
8.608871
6.165090
8.309814
7.310523
6.497422
8.895651
7.705309
8.685283
9.018080
9.930914
9.077929
8.372489
5.851058
8.186599
9.918957
6.835072
8.351269
7.851292
8.588213
5.339882
6.566714
5.035515
8.369235
6.529005
8.509723
8.480660
6.230697
7.707331
8.539372
8.509697
5.838298
7.148242
9.674787
9.148113
9.458765
6.172209
8.043764
7.164075
9.857491
7.061844
7.094989
8.935419
5.434333
7.946047
7.122018
5.353290
9.781118
5.473287
8.204582
8.369331
5.813169
9.771296
8.404846
9.182404
6.300301
6.914569
7.663064
7.530998
9.621901
6.202436
6.040695
5.460198
8.350678
5.715481
9.608312
7.809443
6.887691
7.652075
9.973518
6.745182
9.713921
7.068508
5.680602
5.148253
5.014554
7.802620
5.501543
9.795672
8.275908
8.706125
8.165005
9.089077
8.477421
6.569850
8.271480
9.777722
8.484420
5.934544
7.308721
8.106319
7.136980
8.349415
8.566519
5.487658
9.064896
8.174830
8.297102
5.952587
5.826906
8.270620
7.697768
5.540826
5.339128
8.378370
5.689079
5.353682
6.180990
6.190622
5.149354
9.456898
9.896747
8.314358
8.545973
8.374168
9.884209
6.817453
8.151891
8.368628
7.751998
5.460611
6.474948
9.888977
8.810026
5.041467
5.376635
7.874923
8.216297
8.673737
8.827510
9.043202
6.944358
6.525278
9.584028
7.283486
9.903648
5.273108
7.637168
6.084638
6.463729
7.786522
5.541535
6.360476
6.100881
9.087509
9.734645
5.985089
5.904963
7.886536
9.353718
8.656960
8.347147
5.828667
8.545938
7.157173
5.870133
8.922573
5.032096
9.086430
7.596311
8.859606
8.129633
9.540668
5.384884
7.713661
6.824154
5.288532
7.986769
9.461322
6.373170
9.450498
7.247845
6.914706
5.810975
8.348725
6.002214
5.545620
9.333816
6.907177
8.432156
8.687533
5.564137
6.779303
9.516200
9.110075
8.936476
5.386333
8.032648
8.968572
9.472763
5.628959
7.828177
7.602396
5.169627
8.213061
5.316057
6.993781
8.501593
8.302826
6.455103
9.874763
7.753324
8.702948
6.789469
8.564299
7.051673
7.791684
9.109918
6.385489
9.698860
7.542074
5.073022
5.262999
9.321376
9.589222
9.373074
8.257852
9.975554
7.405722
7.226424
9.448318
8.034680
5.054601
7.050714
8.204308
8.267662
7.366770
5.198089
6.769256
5.669596
6.653192
6.644019
8.422918
5.356140
8.433488
6.987216
7.407814
6.225171
6.097135
8.793303
5.924032
8.639208
8.866324
6.187030
7.960584
8.455545
5.560103
6.218435
8.431100
7.965826
8.444859
7.879417
6.000506
8.499459
9.930130
9.204814
6.767122
7.296900
9.402903
8.536378
7.966496
6.056095
5.180397
6.389414
6.412234
8.613884
8.376631
8.820048
9.839056
9.473764
7.613351
5.763088
8.112973
6.479675
6.950119
6.073556
9.935221
7.510222
7.291992
8.366321
5.476048
5.736851
6.245738
6.476555
9.236310
6.175869
5.681368
6.003432
8.472768
5.084271
9.539810
6.439264
6.140366
9.720207
7.828678
7.552600
8.334092
6.205309
6.372648
8.173148
5.679074
8.985999
8.936235
8.792047
5.465674
5.886354
9.865603
5.400896
8.396577
7.157595
8.767216
8.872625
7.894445
5.012954
5.349180
7.130756
6.188822
6.030549
8.134188
9.661591
6.114820
7.673998
6.100854
7.255185
7.394205
8.929533
9.807785
5.728297
5.134841
6.180434
8.901444
5.813915
5.166433
7.837681
9.605962
5.632107
8.724035
9.471565
6.033002
7.120613
6.629161
9.800219
5.993238
9.523606
9.813173
6.342418
6.654362
6.001995
7.372967
9.788550
5.663585
8.487786
7.462548
6.764440
5.742972
9.856753
5.693972
5.550756
5.585050
5.828814
6.731191
9.486495
6.642728
6.897624
7.324176
6.248691
7.529731
6.048212
5.720257
8.562733
8.168824
7.349417
8.362951
9.162063
6.873024
8.176125
5.504481
8.527386
9.178119
7.877449
8.315936
9.841703
6.365235
5.778485
6.606143
7.108207
5.635238
7.300115
7.658963
6.220288
8.128928
9.390154
5.706783
9.771656
6.287777
8.030959
6.020348
8.817508
9.079170
6.740604
7.380240
7.247995
9.090022
5.743192
6.410058
5.963045
8.919316
6.914539
9.490432
8.097434
9.791986
7.806368
7.939138
6.157222
8.584853
9.545280
8.265429
9.220091
6.845396
5.924392
5.440379
9.974323
5.314546
6.147162
9.745980
6.602323
9.178122
5.766327
5.419831
8.257293
7.506931
7.800071
5.505287
6.596952
8.543263
6.915345
7.559998
7.462580
8.829884
7.050430
5.560014
8.621871
9.856798
8.499151
9.779093
8.441652
8.044433
8.044522
7.661743
9.889828
8.968915
8.102122
9.864152
9.283462
9.249286
9.610132
5.885785
8.427406
5.376460
6.305616
6.684699
7.883391
9.105687
7.189985
9.480344
7.648951
9.105330
7.040342
5.111530
7.935214
9.090773
5.671545
6.557084
8.947571
9.170696
6.336178
7.389223
7.215129
9.380701
5.050966
7.104957
8.349615
8.153088
6.969109
7.633077
7.402373
6.579242
8.518862
5.829780
6.955701
9.824477
7.514479
9.839092
8.930164
9.704465
9.319435
6.579115
8.809795
6.359777
6.690646
6.745009
5.450550
7.362190
8.302094
9.398121
6.532887
9.638271
6.787344
8.748015
9.018972
6.838310
5.852972
7.368587
9.991398
7.822082
5.001664
7.393771
9.401323
8.520525
8.223552
6.357024
8.345002
5.738030
6.196116
7.275167
5.442495
5.515552
8.854281
9.252291
6.875330
5.544927
5.997300
7.325880
7.907118
9.299393
6.724000
9.440003
8.937664
8.511344
8.188019
7.956636
5.349653
9.040992
5.325224
5.341051
6.863073
5.326887
7.734823
6.264396
8.847412
5.958375
7.621421
7.192414
6.696405
8.817537
9.467581
7.138901
9.333090
8.321861
6.391191
6.208419
8.866789
7.388491
8.534299
6.773906
6.687884
5.258300
6.213909
5.625548
8.769644
9.401928
8.582185
9.119297
8.442921
8.907409
9.460348
5.305994
9.234296
7.195171
6.570390
8.081708
8.153545
9.191811
5.274122
9.849951
8.009348
9.741703
6.988853
7.342438
8.063564
8.380045
8.550856
6.930353
5.768536
7.085155
8.704260
7.456419
7.343455
9.918169
8.081968
6.113098
9.320097
6.664153
5.232396
7.763018
5.571562
9.692744
8.069011
9.805859
6.887915
9.639400
7.887566
5.041461
8.831211
8.161688
9.891413
6.840559
7.903391
6.880265
9.182997
5.966955
5.260310
7.733853
7.897308
6.028845
9.819008
6.601567
8.485265
7.162464
6.519736
6.567234
8.275562
5.839833
8.231387
8.507957
8.602850
8.802949
8.200702
6.671862
8.608807
5.088616
6.311262
6.496372
5.130077
5.142474
9.658060
5.021491
6.983033
7.561451
6.901756
6.166030
8.528406
7.162066
8.899883
6.425715
8.190910
8.718891
8.027283
6.676176
5.881355
9.547019
8.243409
9.156917
5.386852
6.474796
7.664874
8.989702
5.277746
5.865575
5.661564
8.886552
5.954192
6.972827
5.382924
6.084270
7.115301
5.040985
6.105761
9.098334
7.602437
8.007516
5.264364
6.130843
5.169582
9.164248
7.556558
8.360493
7.883139
5.583840
5.036669
8.764494
5.130859
8.280079
7.921410
5.517711
9.754876
5.586285
9.507414
5.032621
6.451859
5.168978
8.919173
7.406051
7.141805
9.302097
8.490320
9.257106
9.343082
9.596081
8.355440
6.945519
7.603597
8.619803
8.076362
7.773179
7.784051
5.632920
6.133671
5.667190
6.216760
6.170341
9.431684
6.347619
9.450418
7.353094
6.865330
9.205295
7.939378
6.372745
9.237917
9.391237
6.541722
8.157090
6.797289
8.683528
7.459188
5.287610
7.940633
6.802270
9.883691
6.296072
8.747788
7.487288
9.915876
6.824150
5.260466
7.699928
7.457070
6.394137
8.367118
8.673830
7.564478
7.798801
5.021449
7.014897
5.151896
6.886779
6.220192
8.091274
8.259524
5.458108
7.482512
9.801246
8.615198
9.279800
8.484774
6.074385
9.567411
6.425406
7.876655
9.451101
7.721479
6.624444
6.938388
7.637355
8.448593
7.198854
5.337283
5.905663
8.592992
8.704401
9.579493
6.157470
6.503202
9.600943
8.172367
6.655097
6.487721
9.392559
9.746371
9.747246
9.850668
7.228884
9.548491
8.465866
6.508684
8.033265
9.540251
6.076095
9.458672
7.416906
5.527196
7.180151
9.041349
7.465584
9.817506
7.489943
9.664439
5.154788
8.395606
8.257431
8.859189
7.975099
9.414901
5.362391
7.576041
7.587268
7.017489
9.063763
6.979827
6.763861
8.811007
6.830494
8.992744
8.359499
5.296360
5.501429
6.392764
9.836611
6.577523
5.851435
7.253516
7.104720
8.031586
6.294866
9.570304
7.849092
8.784808
9.234743
8.003880
7.180414
7.492175
6.863069
5.155513
6.907076
7.225460
7.731555
9.494343
9.242949
6.795316
6.474170
6.006809
5.606323
8.304664
9.999554
8.965822
8.601025
5.500983
5.358586
8.437634
7.078506
6.210021
5.691151
9.183226
9.241608
6.986016
8.753530
7.090698
5.770824
7.988274
5.094578
7.951238
5.480448
6.957646
8.106751
7.387524
9.183106
5.838306
6.881866
8.426056
7.633623
8.356036
9.432865
8.239946
6.660700
9.432420
7.205769
5.261724
9.933403
7.564355
8.699359
7.011909
8.774376
9.390509
6.195135
8.015984
6.376525
9.948665
5.106681
7.147349
7.936938
5.201259
5.098587
8.417386
7.158905
8.205339
5.804910
6.342012
9.043645
7.686777
9.768067
6.677268
6.042813
9.200933
9.917213
7.703514
8.633352
7.122983
7.965238
8.566755
9.687338
6.664596
5.578663
8.461714
6.055105
6.773798
6.477697
7.431630
6.722462
6.584378
9.578979
9.659401
6.785637
9.677567
8.076787
8.944542
7.882906
8.881697
5.286555
6.926551
6.568474
5.054623
8.603819
7.611287
9.255556
8.521033
5.314800
7.888908
5.644016
8.280038
6.455664
5.331354
9.944634
7.034327
8.793067
5.999739
8.808125
5.270764
8.431370
5.530587
6.855142
8.010349
5.189987
8.640779
7.687916
8.266774
7.585321
5.570822
7.148471
7.871877
7.497373
8.716945
7.926500
6.101192
6.328230
7.182055
9.622225
6.643031
5.070964
5.266242
9.923068
6.526628
5.597595
9.867702
8.560954
9.390661
5.867442
7.369079
9.661427
9.298812
7.899665
6.516569
7.309160
8.089652
5.157348
9.997076
6.356426
7.742670
5.567898
8.504897
5.614547
8.065270
7.221841
8.541046
9.166462
8.550072
5.723101
8.788688
5.193102
5.794065
9.054929
5.116171
7.320693
9.652524
9.983872
5.881647
9.043186
5.851315
8.250725
8.704613
5.150126
6.150391
5.221180
7.459287
9.240044
5.378528
7.456362
5.596470
8.121198
8.024260
9.101367
8.735744
6.089530
6.323208
7.276790
5.255993
9.873280
7.999891
9.044681
5.066382
8.793956
8.099609
5.182552
6.114649
7.752132
5.166425
6.996295
6.795318
6.017740
5.247021
5.499930
6.167866
6.397412
5.721111
8.627152
5.637455
6.099639
6.083515
6.233925
9.220837
9.107775
5.335292
7.956581
5.197306
6.658501
5.233370
5.453298
6.531780
8.233261
9.497978
6.598163
7.027217
7.597589
6.780715
8.141866
5.349721
6.947140
5.138162
7.145040
7.964880
5.385183
7.644970
9.132746
6.782595
8.366080
7.759898
7.420051
9.465719
8.843413
8.653975
8.686557
7.951188
8.989268
6.643137
8.148494
5.647768
6.876507
8.601791
7.179549
5.109768
8.099771
8.777712
7.136986
5.697359
5.558426
5.278852
6.047080
7.505566
5.417014
8.192119
5.470446
5.802197
5.837089
9.603191
7.584792
9.203169
7.363090
5.004843
8.668889
6.206503
8.658818
7.355446
9.157691
7.648087
8.998583
7.306185
8.295856
5.875091
5.907977
5.475404
5.984859
9.007748
9.253116
8.121844
9.705106
9.811543
8.400697
5.752186
7.317108
8.817711
8.944305
7.787554
9.619907
9.781393
7.390746
7.204700
8.984562
9.753836
7.209542
7.653451
5.960339
5.868361
5.008897
5.118031
8.516447
9.007481
7.424216
6.812303
9.882570
8.332193
7.287707
5.867429
7.339940
6.540823
8.989273
7.045047
6.352365
7.389970
7.797233
8.669473
6.207681
6.741538
6.457026
5.827589
6.522931
8.847773
8.032289
5.507493
8.601608
5.241831
8.160945
9.561947
6.110191
8.169842
9.679977
9.626638
7.177322
7.104193
6.438941
7.059892
5.436385
8.726648
7.927320
7.776326
5.267471
6.916594
9.821373
6.619835
9.306564
7.618605
5.289308
5.514246
9.360143
6.746335
6.341835
5.883074
5.594107
9.374124
6.390567
9.195715
9.615954
9.551512
8.757662
5.726146
7.721354
8.437639
5.352784
9.898676
5.541832
6.791726
6.958568
5.978218
5.518374
9.885888
8.754544
5.785845
6.802482
8.575916
7.405681
6.109047
6.194522
7.694988
6.623292
5.554665
9.441323
7.965127
6.437738
5.035429
7.339251
7.828305
9.231145
6.955205
7.379817
7.988807
7.681351
5.101171
6.426446
8.034135
9.999846
6.968279
9.825860
6.958414
7.946497
5.344234
6.844302
6.701041
6.130080
8.646784
5.276958
8.535761
9.755831
6.471480
6.230749
6.379123
7.026145
5.672071
9.344251
8.463882
5.707501
6.683502
6.292188
9.938646
8.638706
8.672005
7.927453
6.320057
8.773175
9.353900
9.354192
8.773023
6.322179
9.180052
5.731437
9.268677
9.524287
7.575738
5.969718
5.654367
6.222522
6.246676
9.190127
5.978353
7.718157
5.420876
7.357476
9.744301
6.092948
6.701726
8.208184
6.800449
8.385228
9.500372
6.739094
7.023934
8.172377
9.666548
8.343991
6.945553
9.020448
7.698183
5.718575
5.342627
6.878235
6.450012
9.611302
6.402523
9.025750
5.581021
7.056890
5.248272
6.827698
6.247017
6.226625
9.545855
6.667893
8.584101
9.290155
7.760840
5.285827
7.498339
9.561290
8.671055
6.998711
6.300385
5.694989
5.171088
5.966931
9.038980
7.116640
9.987379
6.737163
7.835216
5.330005
8.615399
9.285227
9.941309
5.017922
8.310977
5.522329
7.074813
8.559250
7.350027
8.321830
9.785873
6.895881
9.989723
8.369975
6.186036
7.750565
8.655802
8.684375
7.311854
7.326858
5.683086
8.612239
8.021847
5.854173
9.579170
7.060826
7.970814
9.566549
8.797990
5.806029
9.896555
7.413389
5.091256
9.837864
7.431311
8.402233
5.360193
9.506124
6.961482
7.710219
7.827954
6.747356
9.606100
7.817677
5.117332
5.792136
5.568242
8.773134
9.476511
7.880096
6.099991
5.159597
6.492335
9.121838
6.013770
6.071506
6.182665
8.984584
5.638055
9.980655
9.790612
5.534610
7.394043
9.881868
5.372474
9.825355
8.284101
5.732667
9.331478
5.245584
8.442886
7.159432
6.992940
8.048986
9.977110
7.110272
8.841123
5.545352
5.883407
8.317634
8.425447
6.983397
8.477231
9.917783
6.105236
9.491000
5.989289
7.287900
8.475584
6.627344
7.268555
8.266197
7.161955
9.662599
8.148066
7.534428
9.487952
6.432167
8.267096
8.819431
6.677752
6.709981
5.978863
8.670691
9.758968
5.955972
5.780964
8.600091
6.501323
6.664371
6.917725
9.926771
8.647768
5.394956
9.844555
9.753004
9.885956
5.833843
7.040904
8.361541
7.461186
9.309458
6.627737
9.623141
8.972055
9.775803
7.157569
8.460009
6.207971
5.424664
7.279439
7.885722
7.134645
8.258303
6.556413
6.893614
9.214273
7.337378
5.493705
5.715597
9.001747
7.411430
5.642369
7.649516
7.806386
5.486923
7.402520
7.692342
6.320765
9.443423
6.053883
8.781953
8.752881
7.681621
8.405094
7.724937
7.457424
5.562663
6.184946
8.665395
5.987327
8.464385
6.551116
8.121973
6.722688
8.107530
5.015587
5.936961
5.444907
5.509292
6.652559
9.446654
7.920722
7.294927
7.096170
5.727108
7.781850
9.498690
8.419451
9.102615
8.942113
9.473333
7.884568
7.694994
7.154955
6.289661
5.419931
9.612378
6.852325
6.604877
8.277773
7.839652
5.069263
9.828889
5.961626
6.791950
7.936418
5.977212
7.728911
8.381325
6.486504
9.381470
7.827981
9.407226
6.676397
9.924150
5.134334
9.458247
9.422840
8.553785
8.560863
8.364953
8.027119
6.445431
6.059947
5.182073
7.735092
6.479879
9.794451
9.587417
8.084756
8.072224
7.427069
8.154018
7.901113
8.388695
9.945969
5.837531
9.365907
7.674880
9.218857
5.852411
7.056349
7.046837
5.259637
8.732746
6.970987
5.393970
8.190993
6.393828
8.947755
6.751856
9.758781
6.974874
8.197287
5.818729
7.156947
5.932378
7.298608
6.951398
5.519795
5.383364
5.023622
7.946864
8.537382
7.924735
6.335559
8.483351
8.762266
5.701466
6.158230
7.981123
6.553876
8.214579
5.027960
6.813513
6.947325
6.998947
7.207484
5.138318
8.392775
6.155239
6.890173
8.151556
8.130114
5.087459
8.970285
5.287060
6.019836
6.268893
7.238459
6.539631
6.652257
7.262081
9.486496
5.189639
5.186816
5.822055
8.672990
8.949081
6.523520
9.831220
6.930204
8.077396
8.045798
6.958165
9.890910
9.993123
8.957111
7.098394
5.131441
7.349887
8.253633
7.021614
5.501444
6.383747
7.109073
9.471729
6.670807
8.128909
5.740623
8.909266
9.668541
7.392880
6.171346
9.155037
7.582520
6.358161
9.977092
6.255509
5.307243
6.500612
6.086729
7.237449
9.578009
9.132526
9.195613
9.468919
9.125649
8.152725
6.567313
9.257090
5.502613
9.820947
6.278704
6.004056
6.204693
8.387776
5.475786
7.875500
6.516685
6.216409
6.784766
6.185227
8.609289
7.956111
5.340264
6.191809
9.314273
5.317355
7.447318
9.621516
6.817968
8.534046
6.858965
6.395977
7.666574
6.054578
5.864896
6.792222
9.207304
7.432209
6.049313
9.709916
7.253155
7.328016
5.713973
8.457848
5.715793
6.189759
6.333348
7.232478
7.406168
8.118114
8.417706
6.015456
6.074225
8.757969
7.207265
5.388498
9.075325
9.654583
5.010015
5.893292
8.188630
6.868980
7.289269
5.855203
7.923558
8.154164
7.647426
7.130862
5.586372
8.696738
6.840778
7.839528
6.024755
7.554750
6.297376
6.740547
8.744509
7.630724
8.973025
6.150677
5.748837
7.390730
7.166133
6.823063
6.148699
9.373399
7.211561
5.224023
9.027982
7.221576
6.117316
7.216612
9.090556
8.406584
8.071815
7.014115
6.560749
5.719241
9.144977
7.147121
9.415979
5.985755
9.986650
5.440733
8.540505
6.284025
7.181281
7.285015
8.914748
6.154306
8.435692
9.663587
8.545036
5.601825
6.486650
9.693735
9.975224
8.698211
9.917759
9.003206
5.919786
6.035075
6.219818
5.010343
9.441659
9.291634
7.024457
6.002408
5.010874
6.169434
8.149529
9.426853
7.155189
8.136178
9.867587
5.695695
9.420203
7.048868
7.980710
8.334951
8.203174
6.416402
7.998538
6.748209
7.018227
9.485187
6.441944
6.993451
8.183397
6.359703
5.996657
9.103184
7.394777
7.216475
9.113526
6.836436
6.508109
6.137984
7.838843
6.518983
7.307418
5.988373
5.945837
9.462606
9.124551
5.813424
5.158301
8.544753
7.862291
8.139011
6.879704
6.065464
9.555414
9.878242
7.813674
6.573640
9.363428
9.255618
8.567091
7.546825
5.615321
9.563749
6.650009
8.010099
6.780224
5.763536
9.846535
8.288334
6.901520
7.685379
9.807316
9.208938
8.673751
5.753153
8.671545
7.798301
6.566577
8.829846
6.343054
9.428868
6.968858
8.222759
5.494333
6.524271
8.101001
8.308007
8.097912
7.464429
7.563625
6.665003
5.011255
8.178947
6.228752
6.661265
6.189046
8.008976
7.424800
6.035581
6.297309
9.326321
8.720959
6.104626
8.535259
7.394710
6.857779
7.206803
5.193011
8.424356
6.036650
6.536065
7.853224
8.005508
9.758824
8.347558
9.529779
7.859825
6.655564
7.627691
5.324254
9.219190
9.292694
5.335509
7.398137
5.521446
6.996774
8.587183
8.530422
9.421576
9.622764
9.827732
8.747895
8.343721
5.932357
7.283154
5.738432
7.790136
9.489957
5.931443
6.214492
5.526607
7.467508
9.067717
8.532115
7.226333
7.415273
8.061894
5.086158
9.070838
5.689585
5.410412
8.290028
9.982280
5.745922
5.688165
5.503726
7.742696
9.275347
9.034148
7.164270
8.898110
8.861879
5.912166
7.241833
9.794237
8.195319
7.980265
7.584373
7.685276
8.911707
8.798865
8.211884
6.379216
7.866582
6.743999
8.605548
5.281855
9.805894
8.691707
9.352693
5.495479
9.102118
7.642721
5.477758
9.848040
8.330886
5.981484
7.590735
7.606234
5.015633
9.755006
6.504344
8.877512
5.667171
8.746176
8.671749
8.862491
6.726441
6.256122
6.547767
5.638148
5.054987
9.759651
7.017364
7.921568
6.503650
5.622912
8.203423
6.309544
9.314619
7.556115
6.805023
8.416738
5.198836
7.282782
8.264777
8.529722
8.264266
5.855513
6.135955
8.279898
5.610518
7.640299
7.157410
6.277689
6.386476
5.829158
5.140179
8.112916
7.085280
6.687946
8.751063
7.140267
6.447597
5.768428
5.061835
7.951246
6.391340
8.265258
9.260790
5.705958
5.821374
6.065813
9.122696
6.020210
8.348595
7.387472
9.549932
6.612860
8.242985
5.685888
9.892758
8.853503
8.326187
7.050169
5.131192
9.712663
7.879326
5.271371
7.825579
9.964607
6.959317
6.576642
7.104874
8.406914
7.345070
7.166710
6.358160
8.736409
5.431968
5.618950
9.442369
6.253342
6.684763
8.565064
7.273552
5.033358
5.952537
6.823485
6.646218
9.195521
7.509374
6.538977
8.049025
5.835561
8.589145
8.180217
5.548223
6.468472
8.451587
8.373800
6.433079
5.410904
9.950442
8.537952
8.817817
7.295512
5.704663
5.175977
6.031921
6.136631
5.794928
5.474290
7.389973
7.479691
9.039353
9.663525
7.513049
9.991890
6.487010
9.159267
9.187412
8.996383
5.698243
7.236437
9.831944
9.287388
5.416653
5.380166
5.755859
8.868240
8.753967
7.188938
9.279144
8.704410
5.726891
8.096961
5.999922
6.431553
8.272938
7.031844
7.568184
9.067865
7.506133
9.958157
6.547556
6.545487
9.621682
9.060604
6.537378
6.108692
8.219872
5.724790
5.105075
8.918115
7.961226
9.937018
8.205502
8.377878
5.317185
8.961362
7.246119
9.071152
6.150299
6.525263
7.775562
6.877190
9.622223
8.775483
8.308743
7.895161
5.807326
5.876927
6.963027
8.313460
5.835084
8.510582
9.858947
5.456767
7.571187
6.396325
6.565458
5.791058
7.121115
6.670533
9.709172
5.082341
6.607552
7.914674
8.460220
6.924736
6.876036
5.706339
5.995889
8.026335
7.231602
8.771450
9.903524
6.853824
7.546933
8.212268
9.748985
8.354259
9.089195
6.712012
6.667720
9.924280
5.222595
6.526667
5.381046
7.793782
7.922992
6.946505
8.584840
5.044106
8.617038
8.294012
5.126447
5.224590
6.208686
8.586666
7.149327
8.084722
9.293005
8.145216
6.111057
6.524607
6.916666
6.014581
8.378430
9.463598
9.226849
8.127417
7.817859
8.316045
9.839429
9.485579
8.240324
5.062023
6.012246
8.621370
7.855804
8.935238
5.567876
6.440644
8.979344
9.184914
9.734655
9.105791
9.409504
5.943342
7.692458
6.558831
9.028064
6.985464
9.704046
5.139121
8.510070
6.620712
6.153702
6.888501
6.084311
5.380551
5.015917
8.902169
8.696595
9.855346
8.387748
6.936920
9.917369
9.399994
5.558291
7.773173
8.335232
6.126167
9.213818
7.314576
5.311081
8.948473
6.420367
9.720585
9.891816
9.112824
6.279416
8.919880
6.098289
5.983462
9.059001
9.608358
7.604174
5.212703
6.496859
8.688484
5.593254
6.512776
7.590654
9.289849
6.368123
5.978403
6.226769
6.285491
5.378397
6.785061
9.058665
8.713628
7.911228
8.272482
6.028203
8.222309
7.220956
7.448571
7.942894
7.112772
6.561395
9.222309
6.032652
7.659683
5.205772
5.091653
7.268042
7.809945
5.304356
8.764901
6.498430
5.897610
5.277678
9.089085
5.187459
6.645800
5.067487
6.414229
7.931292
5.445883
8.199290
6.989957
9.159511
6.110518
5.262440
5.187714
9.332828
7.483396
7.636285
7.275722
9.596168
9.197680
6.498032
5.628819
6.857363
6.703804
5.720472
9.125405
9.513749
6.024828
7.890306
6.012179
6.922438
8.167983
5.101264
7.109898
9.813784
5.168750
8.524127
7.745075
5.614633
6.723417
9.735032
9.774143
7.833936
9.997472
9.961858
7.166764
7.480867
7.598143
9.442486
7.077035
6.795822
5.940518
7.705855
8.653185
7.644322
8.426327
7.778591
7.158072
9.451156
5.668897
8.170251
6.373594
8.836879
8.271514
8.483492
8.650663
8.440265
7.007618
6.395738
9.054897
8.731036
6.130771
8.829041
6.564972
6.128242
8.790899
8.731736
8.609110
6.389041
8.174223
5.686145
8.184864
9.114740
8.392000
6.838050
6.759063
6.818327
9.616640
8.917133
6.269483
5.285537
7.087385
7.643076
9.122416
5.358899
6.126568
7.773079
8.799164
8.134187
9.168817
7.854061
6.865223
5.299587
6.683102
8.430195
6.427829
5.474001
7.161932
5.036939
6.863043
5.336154
5.723084
5.047907
9.450894
9.115085
6.885956
6.209957
5.933411
6.502596
5.127091
7.202893
6.788133
7.214476
9.845970
5.910548
7.573376
5.972538
8.683626
6.372540
9.106726
7.852443
9.226601
5.971949
8.152029
5.909703
9.402143
9.579858
6.383704
6.564075
9.616796
8.246747
6.900229
5.339881
8.294653
6.351123
9.454966
5.180609
7.561079
5.388377
6.683206
7.688170
7.591270
8.471338
9.902647
7.437241
9.381886
7.476022
8.409779
8.065514
8.848561
7.516504
5.917955
8.075162
8.488454
9.069985
8.984865
7.890597
8.649843
5.368569
9.454672
8.266641
8.615316
6.354901
8.606522
6.909969
7.706025
8.061487
7.090578
5.267104
8.449863
8.773784
7.955275
6.041134
7.245122
7.857921
8.478375
6.627008
5.333942
6.888154
9.692521
9.182503
9.404659
5.610477
7.257665
7.893113
9.680463
6.242530
5.783710
8.330306
6.611099
5.238383
6.596947
5.226415
6.593284
5.203468
7.136384
9.299308
8.264956
9.226962
9.566412
6.714819
8.000746
7.521687
7.755953
5.245868
5.379607
6.234328
6.872877
5.713549
8.122483
6.565398
9.896053
7.527142
7.175875
7.153717
5.420255
6.856338
8.396248
6.203965
5.186644
5.007346
6.442348
6.783590
5.233761
8.035632
6.987059
7.370145
7.334940
5.252014
6.597108
6.901352
6.966833
9.597854
9.423038
9.722786
9.843721
9.802647
5.957115
6.716599
5.516196
9.079597
8.281996
5.412249
6.606740
5.457871
7.565966
7.026994
7.314209
5.962214
8.230959
7.500854
5.969560
9.673307
9.284443
6.203321
7.708940
6.271502
8.573466
5.043880
6.523516
5.170574
6.945232
8.490349
9.768427
6.368271
8.213135
9.612149
6.170918
9.170249
6.328747
6.687114
8.249846
9.610743
7.099362
9.856586
5.068614
9.665328
6.883580
7.382824
5.627542
5.114539
9.883677
6.597102
9.787847
9.168120
7.800423
7.496786
5.439622
6.373889
7.540665
6.963138
6.544462
9.485897
5.453486
6.312890
5.854168
8.666621
5.925038
7.025086
7.836870
7.253785
8.712200
6.086717
6.864528
5.811563
5.943303
6.933143
5.476891
7.826882
9.315967
6.104433
7.941422
9.199644
7.701535
7.729268
8.367765
5.501958
5.226054
8.807387
6.875847
7.766719
5.770525
8.420309
7.252616
6.224011
9.733199
8.106785
9.890632
5.658237
5.131871
7.727501
7.912022
8.844071
8.814219
9.776550
9.655634
9.757521
6.709692
5.132524
7.584404
6.025659
6.236958
5.525826
5.225303
8.938492
8.255094
8.593067
9.440450
8.481148
7.400455
6.316297
6.247867
8.170979
9.736606
8.500483
9.394990
9.469806
6.607268
9.285622
5.128042
6.739139
7.013124
8.040065
5.583210
5.827342
7.816614
5.238844
5.584863
9.526306
5.371368
8.169266
5.551966
6.608325
8.695091
5.777269
5.546818
6.950185
9.370337
9.987267
5.431333
6.770791
6.303564
6.679200
9.941770
6.040170
5.179683
9.336760
5.509975
6.786952
8.622381
5.638018
8.526091
5.635505
8.678082
9.109301
6.462848
6.494697
9.348145
7.047710
6.021004
9.719513
5.216976
6.572969
6.327838
8.912067
7.350239
6.874656
5.862253
6.720574
6.861923
6.293586
8.491364
8.165487
7.972786
8.433134
9.205657
8.152470
7.769895
9.715633
9.939421
6.392276
5.353652
8.465510
7.027782
9.031734
7.574811
8.490629
5.526431
6.922956
5.538340
6.547434
6.642468
5.755316
8.120404
7.970307
9.667383
5.470643
9.844962
5.529636
7.191217
6.706885
6.823222
5.682582
9.872372
9.796008
9.115716
9.078030
7.948477
6.885611
8.793663
7.887897
8.277887
9.147315
6.353408
5.305669
8.179049
8.928219
8.796299
8.705480
5.851175
9.334639
5.252914
7.493644
5.089954
8.373318
5.463950
9.757338
8.843961
5.308912
5.286974
6.035177
7.015798
7.110196
6.717759
6.888170
6.906204
5.833476
5.966201
9.854681
7.719087
9.759864
7.742579
5.996974
8.907179
9.095986
6.302643
7.086227
8.024205
5.098942
5.791707
8.875381
9.433580
6.044621
6.369024
9.523534
9.417939
6.832974
9.280871
8.261900
7.141887
9.567846
9.297077
9.157685
6.678041
6.014836
6.045856
8.584246
6.848312
7.012056
8.438927
9.567399
6.771920
6.181505
5.564373
5.679099
5.277491
6.867016
7.765326
8.301697
6.965958
8.557034
7.177077
6.399538
9.601655
8.546103
5.923072
9.019594
5.379076
5.203944
7.281494
7.520964
9.771790
6.578570
6.678649
6.449832
7.593407
7.724504
5.034077
9.441719
9.736561
8.473003
9.009118
6.508480
9.654509
9.573490
7.187579
9.931999
6.440506
9.952906
8.233696
8.406464
8.509939
5.410774
9.806003
8.111593
8.956876
5.729074
7.131187
9.335953
5.933019
9.412681
6.856916
5.704809
5.991252
8.535565
7.154640
8.584660
6.260070
7.188717
8.026379
5.996630
5.661721
7.035496
7.505111
5.316229
6.608986
9.692690
5.248229
8.049493
9.645596
8.481926
6.455956
8.155535
8.892699
6.261959
6.267128
7.849576
6.991034
8.398315
7.185528
7.924052
7.810997
9.042444
8.628862
8.802248
7.578010
5.783502
7.386908
8.838079
7.972219
5.413286
9.834709
8.633940
7.448782
7.339819
8.950169
9.057768
7.032509
9.198399
7.107260
6.678104
7.680325
8.563217
9.833639
6.573024
9.825176
6.100766
9.422600
6.816210
9.499082
6.608129
9.740263
7.310078
5.650573
8.369123
6.112327
8.228582
9.152626
8.499235
7.066662
7.124845
8.912520
6.901370
5.758785
6.361302
9.241190
9.708954
5.419071
6.273698
8.907352
7.526331
7.951802
6.587677
6.089548
7.785440
8.160701
5.914724
8.886208
7.583301
7.730935
8.385288
9.191429
7.471197
5.695367
9.842003
5.840321
6.807693
8.070584
9.992947
5.306928
5.137246
7.117791
9.219448
7.038617
7.876576
5.580751
6.279807
7.585530
5.999822
7.553505
6.492883
8.526153
5.505307
8.080560
9.615701
8.290748
6.241261
5.530425
7.176955
8.824561
8.261360
5.562243
8.015990
5.732556
6.257610
7.857993
6.572877
8.065304
5.928578
6.565824
8.372231
6.065824
8.683615
7.591681
8.104441
6.560191
8.172432
9.384248
9.145721
9.172254
6.937752
5.638604
7.698407
7.443060
8.719164
7.314107
5.733808
9.960423
7.844533
7.910762
8.784986
6.105892
8.473006
6.800976
6.838448
9.730617
9.658968
8.411325
7.795920
5.587546
9.977149
6.168152
6.653370
8.660763
8.759832
9.757812
5.220953
6.932264
9.142059
9.366674
6.104518
6.079812
5.005278
8.802925
8.522871
8.724442
6.117032
9.256679
8.684865
8.961565
7.167441
7.469851
5.067457
5.640447
9.270826
6.905906
5.371063
8.929794
5.317231
8.166983
9.517341
5.294379
9.335135
6.170712
8.955143
8.094968
5.928523
9.176096
5.027233
5.070582
8.542770
6.131751
6.150393
8.548048
9.934675
9.673264
7.272490
6.051708
8.929943
5.957355
5.013273
6.097384
8.427205
5.080730
6.737831
7.698031
6.986636
7.108894
6.627826
7.303866
5.275878
6.145167
7.598246
9.611013
7.315878
6.553388
7.705982
8.244401
5.729484
7.733214
8.314982
9.272253
8.864964
9.465376
7.820301
8.799641
9.138640
5.092792
9.851349
8.068584
6.050146
9.864621
9.165968
9.477352
9.945352
5.903799
7.175383
6.931987
8.012693
8.803209
9.235853
8.288572
9.948377
6.834099
7.899585
7.264254
8.387487
5.605566
5.508656
9.116970
8.338780
8.823638
8.389224
7.203745
8.289015
6.209526
6.003386
7.427655
6.302316
5.854734
5.496240
7.352462
5.719356
9.662208
6.829814
5.664707
5.566006
9.005198
7.596694
8.578700
7.808406
6.832548
6.867271
7.756782
8.666648
9.766856
5.021036
7.054134
5.372422
5.529692
6.171105
8.711203
9.353330
9.560329
5.914947
7.642344
5.769855
6.918333
5.070000
7.072171
7.773067
5.566239
9.424634
8.492423
5.228446
6.254448
9.157129
5.794453
5.259645
6.753824
9.373152
8.068051
8.586372
6.240424
5.824833
7.253020
6.007280
5.845870
9.307155
6.379702
6.375561
5.478259
5.090904
5.728891
5.038589
6.005851
8.371235
5.808444
7.924184
8.441235
7.880615
5.697251
9.007474
7.305249
9.189673
9.235920
8.559696
8.346804
5.030373
8.819342
5.100627
9.403525
6.887393
8.686999
5.643949
7.712227
5.940020
6.651229
8.558097
5.247174
8.030931
9.933658
5.725433
8.121835
5.662549
5.764022
9.127686
9.033784
6.572466
7.051870
7.475019
9.453081
7.749121
6.482492
6.758330
6.938795
5.718413
5.318027
5.285598
5.748786
9.137368
5.386225
5.152311
6.024762
9.073225
5.796260
8.736988
5.013244
7.447490
7.295085
5.260418
5.478420
7.228743
5.985851
8.600255
7.891292
6.749873
7.727942
6.925075
8.322339
9.779812
9.400093
7.775420
7.528934
5.882586
9.533750
9.467728
6.600999
9.851776
9.753325
7.349786
8.989144
5.139551
7.502096
5.013906
9.212775
8.298357
8.750895
9.226019
5.745846
6.045980
9.486438
6.224266
8.274723
5.472288
9.824522
6.166014
7.222161
7.552463
8.091089
5.544500
7.332275
7.491183
8.319921
9.861208
8.373770
7.853669
9.328936
9.974770
7.705445
9.082261
7.324555
6.694589
9.221811
9.826651
6.708496
8.434587
8.125008
5.459390
7.660606
8.870853
6.505370
7.147044
5.095120
9.780092
7.619332
9.919641
5.946107
9.841494
7.472105
9.037197
5.385994
9.804380
6.528380
8.705914
9.665587
9.902149
6.559583
8.994523
9.876919
9.265028
8.076784
7.201474
5.959618
7.298595
7.028124
7.668113
5.733182
5.153132
8.127503
8.393788
9.023986
9.632874
5.540833
9.119105
9.412966
8.160164
9.038748
5.359073
8.001657
6.510852
9.396269
8.387651
6.315231
5.924649
7.093565
5.980819
5.826798
8.653149
9.975342
5.703717
7.918177
8.052126
7.905191
8.877793
5.350721
9.933315
6.545907
6.083904
5.086448
9.673409
9.477693
9.110434
9.306283
5.018525
8.229540
8.719249
8.178690
7.268286
9.078321
6.180347
8.779139
8.474590
9.567999
5.094370
9.399240
6.661565
6.075189
5.226038
5.314713
6.050530
5.929755
8.232889
9.102657
8.834946
7.110682
9.453379
8.768261
8.656590
5.537282
8.854709
8.330000
5.014975
7.965141
7.636282
5.033500
6.194681
6.355531
8.212189
8.462967
5.433853
9.392537
7.242105
8.908444
8.960535
7.336474
8.307684
5.622100
8.411663
8.533721
5.936813
9.462193
9.463476
9.169703
8.564851
8.298421
6.280385
8.018229
7.066682
9.936974
8.555511
5.921391
8.266973
8.570486
8.886533
5.903256
8.603986
5.081214
7.258787
6.816175
8.544180
7.692640
6.208712
5.786286
6.601085
5.169248
8.122761
9.908768
5.791348
6.534424
8.442489
6.728161
5.996618
7.905965
5.897863
9.561468
6.204386
7.178248
7.579698
8.271069
7.115223
6.135209
9.192458
5.382196
9.705695
8.078991
6.285452
8.309681
8.160205
8.544239
5.125856
6.704385
6.236880
6.334568
7.490671
7.837964
6.503815
5.613432
7.746732
7.295163
7.147856
6.189221
9.023324
8.144473
9.095185
9.921186
7.705942
5.299571
7.099435
5.285640
8.570639
9.214658
6.420848
7.763097
9.596854
6.126544
5.842089
5.882306
9.436225
9.002294
9.426545
9.562081
5.706678
5.663425
5.896649
8.197350
8.501390
7.400465
8.810781
6.248122
9.695627
5.958637
7.437343
8.718950
9.103109
6.532528
8.640138
6.809052
6.832099
5.739573
7.094692
5.402739
9.954230
8.515540
8.165836
9.551085
9.642085
9.007925
5.433390
9.078310
8.010218
9.859936
8.640390
8.716896
5.523361
9.537040
6.914246
9.024751
6.937504
5.725027
5.272872
6.633132
6.683663
7.710215
5.352082
5.786774
9.242743
8.992220
7.595826
6.074841
9.731792
9.690517
6.477580
9.686022
8.206059
9.643415
9.237106
7.848143
8.651340
9.670496
6.926452
6.661558
9.530432
5.566843
5.378454
5.053792
5.103883
7.292700
9.078543
7.041387
8.017727
9.351416
8.674519
9.701390
7.061630
9.026600
5.488164
6.304373
8.018820
8.083990
7.379214
7.750612
7.774508
8.856793
7.436634
5.980566
8.500210
6.673741
8.828709
7.151549
6.344237
5.755161
8.813107
5.874668
6.322003
9.191562
5.928462
6.425887
6.484262
5.007005
8.467274
9.501989
9.358420
7.141791
9.203379
6.420050
6.168392
9.691543
7.724423
9.187213
7.775533
