==3643== Memcheck, a memory error detector
==3643== Copyright (C) 2002-2015, and GNU GPL'd, by Julian Seward et al.
==3643== Using Valgrind-3.12.0.SVN and LibVEX; rerun with -h for copyright info
==3643== Command: ./main s
==3643== Parent PID: 3292
==3643== 
--3643-- 
--3643-- Valgrind options:
--3643--    --leak-check=full
--3643--    -v
--3643--    --log-file=memory.log
--3643-- Contents of /proc/version:
--3643--   Linux version 4.8.0-41-generic (buildd@lgw01-18) (gcc version 6.2.0 20161005 (Ubuntu 6.2.0-5ubuntu12) ) #44-Ubuntu SMP Fri Mar 3 15:27:17 UTC 2017
--3643-- 
--3643-- Arch and hwcaps: AMD64, LittleEndian, amd64-cx16-rdtscp-sse3-avx
--3643-- Page sizes: currently 4096, max supported 4096
--3643-- Valgrind library directory: /usr/lib/valgrind
--3643-- Reading syms from /home/vikram/Documents/C Basics/Git/sort/src/main
--3643-- Reading syms from /lib/x86_64-linux-gnu/ld-2.24.so
--3643--   Considering /lib/x86_64-linux-gnu/ld-2.24.so ..
--3643--   .. CRC mismatch (computed 3c35ad50 wanted e6216577)
--3643--   Considering /usr/lib/debug/lib/x86_64-linux-gnu/ld-2.24.so ..
--3643--   .. CRC is valid
--3643-- Reading syms from /usr/lib/valgrind/memcheck-amd64-linux
--3643--   Considering /usr/lib/valgrind/memcheck-amd64-linux ..
--3643--   .. CRC mismatch (computed 4b9fe561 wanted d543f2ec)
--3643--    object doesn't have a symbol table
--3643--    object doesn't have a dynamic symbol table
--3643-- Scheduler: using generic scheduler lock implementation.
--3643-- Reading suppressions file: /usr/lib/valgrind/default.supp
==3643== embedded gdbserver: reading from /tmp/vgdb-pipe-from-vgdb-to-3643-by-vikram-on-???
==3643== embedded gdbserver: writing to   /tmp/vgdb-pipe-to-vgdb-from-3643-by-vikram-on-???
==3643== embedded gdbserver: shared mem   /tmp/vgdb-pipe-shared-mem-vgdb-3643-by-vikram-on-???
==3643== 
==3643== TO CONTROL THIS PROCESS USING vgdb (which you probably
==3643== don't want to do, unless you know exactly what you're doing,
==3643== or are doing some strange experiment):
==3643==   /usr/lib/valgrind/../../bin/vgdb --pid=3643 ...command...
==3643== 
==3643== TO DEBUG THIS PROCESS USING GDB: start GDB like this
==3643==   /path/to/gdb ./main
==3643== and then give GDB the following command
==3643==   target remote | /usr/lib/valgrind/../../bin/vgdb --pid=3643
==3643== --pid is optional if only one valgrind process is running
==3643== 
--3643-- REDIR: 0x401d050 (ld-linux-x86-64.so.2:strlen) redirected to 0x380a40d1 (???)
--3643-- REDIR: 0x401b9a0 (ld-linux-x86-64.so.2:index) redirected to 0x380a40eb (???)
--3643-- Reading syms from /usr/lib/valgrind/vgpreload_core-amd64-linux.so
--3643--   Considering /usr/lib/valgrind/vgpreload_core-amd64-linux.so ..
--3643--   .. CRC mismatch (computed 625b0ae0 wanted cb145a99)
--3643--    object doesn't have a symbol table
--3643-- Reading syms from /usr/lib/valgrind/vgpreload_memcheck-amd64-linux.so
--3643--   Considering /usr/lib/valgrind/vgpreload_memcheck-amd64-linux.so ..
--3643--   .. CRC mismatch (computed cb4755ec wanted 0287936f)
--3643--    object doesn't have a symbol table
==3643== WARNING: new redirection conflicts with existing -- ignoring it
--3643--     old: 0x0401d050 (strlen              ) R-> (0000.0) 0x380a40d1 ???
--3643--     new: 0x0401d050 (strlen              ) R-> (2007.0) 0x04c2fdf0 strlen
--3643-- REDIR: 0x401bbc0 (ld-linux-x86-64.so.2:strcmp) redirected to 0x4c30ef0 (strcmp)
--3643-- REDIR: 0x401db60 (ld-linux-x86-64.so.2:mempcpy) redirected to 0x4c342c0 (mempcpy)
--3643-- Reading syms from /lib/x86_64-linux-gnu/libm-2.24.so
--3643--   Considering /lib/x86_64-linux-gnu/libm-2.24.so ..
--3643--   .. CRC mismatch (computed 445a563d wanted 37a51efb)
--3643--   Considering /usr/lib/debug/lib/x86_64-linux-gnu/libm-2.24.so ..
--3643--   .. CRC is valid
--3643-- Reading syms from /lib/x86_64-linux-gnu/libc-2.24.so
--3643--   Considering /lib/x86_64-linux-gnu/libc-2.24.so ..
--3643--   .. CRC mismatch (computed 928c335b wanted 751a1cac)
--3643--   Considering /usr/lib/debug/lib/x86_64-linux-gnu/libc-2.24.so ..
--3643--   .. CRC is valid
--3643-- REDIR: 0x51d3080 (libc.so.6:strcasecmp) redirected to 0x4a27750 (_vgnU_ifunc_wrapper)
--3643-- REDIR: 0x51ce9f0 (libc.so.6:strcspn) redirected to 0x4a27750 (_vgnU_ifunc_wrapper)
--3643-- REDIR: 0x51d5370 (libc.so.6:strncasecmp) redirected to 0x4a27750 (_vgnU_ifunc_wrapper)
--3643-- REDIR: 0x51d0e60 (libc.so.6:strpbrk) redirected to 0x4a27750 (_vgnU_ifunc_wrapper)
--3643-- REDIR: 0x51d11f0 (libc.so.6:strspn) redirected to 0x4a27750 (_vgnU_ifunc_wrapper)
--3643-- REDIR: 0x51d2700 (libc.so.6:memmove) redirected to 0x4a27750 (_vgnU_ifunc_wrapper)
--3643-- REDIR: 0x51cd440 (libc.so.6:strcmp) redirected to 0x4a27750 (_vgnU_ifunc_wrapper)
--3643-- REDIR: 0x51d0b70 (libc.so.6:rindex) redirected to 0x4c2f780 (rindex)
--3643-- REDIR: 0x51e2520 (libc.so.6:__strcmp_sse2_unaligned) redirected to 0x4c30db0 (strcmp)
--3643-- REDIR: 0x51c7d90 (libc.so.6:malloc) redirected to 0x4c2cad0 (malloc)
--3643-- REDIR: 0x51d17a0 (libc.so.6:__GI_strstr) redirected to 0x4c34520 (__strstr_sse2)
--3643-- REDIR: 0x51d9420 (libc.so.6:strchrnul) redirected to 0x4c33df0 (strchrnul)
--3643-- REDIR: 0x51cee90 (libc.so.6:strlen) redirected to 0x4c2fd30 (strlen)
--3643-- REDIR: 0x51d27f0 (libc.so.6:__GI_mempcpy) redirected to 0x4c33ff0 (__GI_mempcpy)
--3643-- REDIR: 0x51d2810 (libc.so.6:memcpy@GLIBC_2.2.5) redirected to 0x4c31050 (memcpy@GLIBC_2.2.5)
--3643-- REDIR: 0x51c8140 (libc.so.6:free) redirected to 0x4c2dd00 (free)
==3643== 
==3643== HEAP SUMMARY:
==3643==     in use at exit: 101,540 bytes in 12 blocks
==3643==   total heap usage: 55,034 allocs, 55,022 frees, 2,551,679,576 bytes allocated
==3643== 
==3643== Searching for pointers to 12 not-freed blocks
==3643== Checked 174,368 bytes
==3643== 
==3643== 4 bytes in 1 blocks are definitely lost in loss record 2 of 8
==3643==    at 0x4C2CB3F: malloc (in /usr/lib/valgrind/vgpreload_memcheck-amd64-linux.so)
==3643==    by 0x109C44: callHeapSort (main.c:226)
==3643==    by 0x10A34B: main (main.c:522)
==3643== 
==3643== 8 bytes in 1 blocks are definitely lost in loss record 3 of 8
==3643==    at 0x4C2CB3F: malloc (in /usr/lib/valgrind/vgpreload_memcheck-amd64-linux.so)
==3643==    by 0x109C7C: callHeapSort (main.c:232)
==3643==    by 0x10A34B: main (main.c:522)
==3643== 
==3643== 12 bytes in 3 blocks are definitely lost in loss record 4 of 8
==3643==    at 0x4C2CB3F: malloc (in /usr/lib/valgrind/vgpreload_memcheck-amd64-linux.so)
==3643==    by 0x109CB1: callHeapSort (main.c:237)
==3643==    by 0x10A34B: main (main.c:522)
==3643== 
==3643== 216 bytes in 1 blocks are definitely lost in loss record 5 of 8
==3643==    at 0x4C2CB3F: malloc (in /usr/lib/valgrind/vgpreload_memcheck-amd64-linux.so)
==3643==    by 0x109C30: callHeapSort (main.c:224)
==3643==    by 0x10A34B: main (main.c:522)
==3643== 
==3643== 648 bytes in 1 blocks are definitely lost in loss record 6 of 8
==3643==    at 0x4C2CB3F: malloc (in /usr/lib/valgrind/vgpreload_memcheck-amd64-linux.so)
==3643==    by 0x109C6E: callHeapSort (main.c:229)
==3643==    by 0x10A34B: main (main.c:522)
==3643== 
==3643== 648 bytes in 3 blocks are definitely lost in loss record 7 of 8
==3643==    at 0x4C2CB3F: malloc (in /usr/lib/valgrind/vgpreload_memcheck-amd64-linux.so)
==3643==    by 0x109C9D: callHeapSort (main.c:236)
==3643==    by 0x10A34B: main (main.c:522)
==3643== 
==3643== LEAK SUMMARY:
==3643==    definitely lost: 1,536 bytes in 10 blocks
==3643==    indirectly lost: 0 bytes in 0 blocks
==3643==      possibly lost: 0 bytes in 0 blocks
==3643==    still reachable: 100,004 bytes in 2 blocks
==3643==         suppressed: 0 bytes in 0 blocks
==3643== Reachable blocks (those to which a pointer was found) are not shown.
==3643== To see them, rerun with: --leak-check=full --show-leak-kinds=all
==3643== 
==3643== ERROR SUMMARY: 6 errors from 6 contexts (suppressed: 0 from 0)
==3643== ERROR SUMMARY: 6 errors from 6 contexts (suppressed: 0 from 0)
